<?xml version="1.0" encoding="UTF-8" ?>
<testsuite errors="1" failures="4" hostname="NAMISH-PC" name="net.sourceforge.cruisecontrol.sampleproject.connectfour.PlayingStandTest" skipped="0" tests="10" time="0.029" timestamp="2015-03-24T16:38:35">
  <properties>
    <property name="ant.project.invoked-targets" value="windows" />
    <property name="java.runtime.name" value="Java(TM) SE Runtime Environment" />
    <property name="sun.boot.library.path" value="C:\Program Files\Java\jdk1.8.0_25\jre\bin" />
    <property name="java.vm.version" value="25.25-b02" />
    <property name="ant.library.dir" value="D:\apache-ant-1.9.4-bin\apache-ant-1.9.4\lib" />
    <property name="ant.version" value="Apache Ant(TM) version 1.9.4 compiled on April 29 2014" />
    <property name="ant.java.version" value="1.8" />
    <property name="java.vm.vendor" value="Oracle Corporation" />
    <property name="java.vendor.url" value="http://java.oracle.com/" />
    <property name="path.separator" value=";" />
    <property name="java.vm.name" value="Java HotSpot(TM) 64-Bit Server VM" />
    <property name="file.encoding.pkg" value="sun.io" />
    <property name="user.script" value="" />
    <property name="user.country" value="US" />
    <property name="sun.java.launcher" value="SUN_STANDARD" />
    <property name="sun.os.patch.level" value="Service Pack 1" />
    <property name="java.vm.specification.name" value="Java Virtual Machine Specification" />
    <property name="user.dir" value="D:\svn-practice\trunk\saiproject" />
    <property name="java.runtime.version" value="1.8.0_25-b18" />
    <property name="java.awt.graphicsenv" value="sun.awt.Win32GraphicsEnvironment" />
    <property name="basedir" value="D:\svn-practice\trunk\saiproject" />
    <property name="java.endorsed.dirs" value="C:\Program Files\Java\jdk1.8.0_25\jre\lib\endorsed" />
    <property name="os.arch" value="amd64" />
    <property name="ant.project.default-target" value="first" />
    <property name="java.io.tmpdir" value="C:\Users\NAMISH\AppData\Local\Temp\" />
    <property name="ant.core.lib" value="D:\apache-ant-1.9.4-bin\apache-ant-1.9.4\lib\ant.jar" />
    <property name="line.separator" value="&#xd;&#xa;" />
    <property name="java.vm.specification.vendor" value="Oracle Corporation" />
    <property name="user.variant" value="" />
    <property name="os.name" value="Windows 7" />
    <property name="ant.file.connectfour" value="D:\svn-practice\trunk\saiproject\build.xml" />
    <property name="ant.home" value="D:\apache-ant-1.9.4-bin\apache-ant-1.9.4\bin\.." />
    <property name="ant.project.name" value="connectfour" />
    <property name="sun.jnu.encoding" value="Cp1252" />
    <property name="java.library.path" value="C:\Program Files\Java\jdk1.8.0_25\bin;C:\Windows\Sun\Java\bin;C:\Windows\system32;C:\Windows;C:\Program Files\CollabNet\Subversion Client;C:\Program Files\Dell\DW WLAN Card;;;C:\ProgramData\Oracle\Java\javapath;C:\Windows\system32;C:\Windows;C:\Windows\System32\Wbem;C:\Windows\System32\WindowsPowerShell\v1.0\;D:\apache-ant-1.9.4-bin\apache-ant-1.9.4\bin;C:\Program Files\WIDCOMM\Bluetooth Software\;C:\Program Files\WIDCOMM\Bluetooth Software\syswow64;C:\Program Files\VisualSVN Server\bin;C:\Program Files\TortoiseSVN\bin;D:\apache-maven-3.2.5-bin\apache-maven-3.2.5\bin;C:\Tomcat\apache-tomcat-8.0.18\bin;;." />
    <property name="ant.file.type.connectfour" value="file" />
    <property name="java.class.version" value="52.0" />
    <property name="java.specification.name" value="Java Platform API Specification" />
    <property name="sun.management.compiler" value="HotSpot 64-Bit Tiered Compilers" />
    <property name="os.version" value="6.1" />
    <property name="ant.file" value="D:\svn-practice\trunk\saiproject\build.xml" />
    <property name="user.home" value="C:\Users\NAMISH" />
    <property name="user.timezone" value="America/Chicago" />
    <property name="java.awt.printerjob" value="sun.awt.windows.WPrinterJob" />
    <property name="java.specification.version" value="1.8" />
    <property name="file.encoding" value="Cp1252" />
    <property name="user.name" value="NAMISH" />
    <property name="java.class.path" value="D:\apache-ant-1.9.4-bin\apache-ant-1.9.4\bin\..\lib\ant-launcher.jar;D:\apache-ant-1.9.4-bin\apache-ant-1.9.4\lib\ant-antlr.jar;D:\apache-ant-1.9.4-bin\apache-ant-1.9.4\lib\ant-apache-bcel.jar;D:\apache-ant-1.9.4-bin\apache-ant-1.9.4\lib\ant-apache-bsf.jar;D:\apache-ant-1.9.4-bin\apache-ant-1.9.4\lib\ant-apache-log4j.jar;D:\apache-ant-1.9.4-bin\apache-ant-1.9.4\lib\ant-apache-oro.jar;D:\apache-ant-1.9.4-bin\apache-ant-1.9.4\lib\ant-apache-regexp.jar;D:\apache-ant-1.9.4-bin\apache-ant-1.9.4\lib\ant-apache-resolver.jar;D:\apache-ant-1.9.4-bin\apache-ant-1.9.4\lib\ant-apache-xalan2.jar;D:\apache-ant-1.9.4-bin\apache-ant-1.9.4\lib\ant-commons-logging.jar;D:\apache-ant-1.9.4-bin\apache-ant-1.9.4\lib\ant-commons-net.jar;D:\apache-ant-1.9.4-bin\apache-ant-1.9.4\lib\ant-jai.jar;D:\apache-ant-1.9.4-bin\apache-ant-1.9.4\lib\ant-javamail.jar;D:\apache-ant-1.9.4-bin\apache-ant-1.9.4\lib\ant-jdepend.jar;D:\apache-ant-1.9.4-bin\apache-ant-1.9.4\lib\ant-jmf.jar;D:\apache-ant-1.9.4-bin\apache-ant-1.9.4\lib\ant-jsch.jar;D:\apache-ant-1.9.4-bin\apache-ant-1.9.4\lib\ant-junit.jar;D:\apache-ant-1.9.4-bin\apache-ant-1.9.4\lib\ant-junit4.jar;D:\apache-ant-1.9.4-bin\apache-ant-1.9.4\lib\ant-launcher.jar;D:\apache-ant-1.9.4-bin\apache-ant-1.9.4\lib\ant-netrexx.jar;D:\apache-ant-1.9.4-bin\apache-ant-1.9.4\lib\ant-swing.jar;D:\apache-ant-1.9.4-bin\apache-ant-1.9.4\lib\ant-testutil.jar;D:\apache-ant-1.9.4-bin\apache-ant-1.9.4\lib\ant.jar;C:\Program Files\Java\jdk1.8.0_25\lib\tools.jar" />
    <property name="java.vm.specification.version" value="1.8" />
    <property name="sun.java.command" value="org.apache.tools.ant.launch.Launcher windows" />
    <property name="sun.arch.data.model" value="64" />
    <property name="java.home" value="C:\Program Files\Java\jdk1.8.0_25\jre" />
    <property name="java.specification.vendor" value="Oracle Corporation" />
    <property name="user.language" value="en" />
    <property name="awt.toolkit" value="sun.awt.windows.WToolkit" />
    <property name="java.vm.info" value="mixed mode" />
    <property name="java.version" value="1.8.0_25" />
    <property name="java.ext.dirs" value="C:\Program Files\Java\jdk1.8.0_25\jre\lib\ext;C:\Windows\Sun\Java\lib\ext" />
    <property name="sun.boot.class.path" value="C:\Program Files\Java\jdk1.8.0_25\jre\lib\resources.jar;C:\Program Files\Java\jdk1.8.0_25\jre\lib\rt.jar;C:\Program Files\Java\jdk1.8.0_25\jre\lib\sunrsasign.jar;C:\Program Files\Java\jdk1.8.0_25\jre\lib\jsse.jar;C:\Program Files\Java\jdk1.8.0_25\jre\lib\jce.jar;C:\Program Files\Java\jdk1.8.0_25\jre\lib\charsets.jar;C:\Program Files\Java\jdk1.8.0_25\jre\lib\jfr.jar;C:\Program Files\Java\jdk1.8.0_25\jre\classes" />
    <property name="sun.stderr.encoding" value="cp437" />
    <property name="java.vendor" value="Oracle Corporation" />
    <property name="file.separator" value="\" />
    <property name="java.vendor.url.bug" value="http://bugreport.sun.com/bugreport/" />
    <property name="sun.cpu.endian" value="little" />
    <property name="sun.io.unicode.encoding" value="UnicodeLittle" />
    <property name="sun.stdout.encoding" value="cp437" />
    <property name="ant.file.type" value="file" />
    <property name="sun.desktop" value="windows" />
    <property name="sun.cpu.isalist" value="amd64" />
  </properties>
  <testcase classname="net.sourceforge.cruisecontrol.sampleproject.connectfour.PlayingStandTest" name="testNoWinningPlacementBeforeGameOver" time="0.002" />
  <testcase classname="net.sourceforge.cruisecontrol.sampleproject.connectfour.PlayingStandTest" name="testFourConnectedDiagonally" time="0.013">
    <failure type="junit.framework.AssertionFailedError">junit.framework.AssertionFailedError
	at net.sourceforge.cruisecontrol.sampleproject.connectfour.PlayingStandTest.testFourConnectedDiagonally(Unknown Source)
</failure>
  </testcase>
  <testcase classname="net.sourceforge.cruisecontrol.sampleproject.connectfour.PlayingStandTest" name="testFourConnectedHorizontally" time="0.003">
    <failure type="junit.framework.AssertionFailedError">junit.framework.AssertionFailedError
	at net.sourceforge.cruisecontrol.sampleproject.connectfour.PlayingStandTest.testFourConnectedHorizontally(Unknown Source)
</failure>
  </testcase>
  <testcase classname="net.sourceforge.cruisecontrol.sampleproject.connectfour.PlayingStandTest" name="testFourConnected" time="0.002">
    <failure type="junit.framework.AssertionFailedError">junit.framework.AssertionFailedError
	at net.sourceforge.cruisecontrol.sampleproject.connectfour.PlayingStandTest.testFourConnected(Unknown Source)
</failure>
  </testcase>
  <testcase classname="net.sourceforge.cruisecontrol.sampleproject.connectfour.PlayingStandTest" name="testStandControlsTurns" time="0.0" />
  <testcase classname="net.sourceforge.cruisecontrol.sampleproject.connectfour.PlayingStandTest" name="testNonExistentColumn" time="0.0" />
  <testcase classname="net.sourceforge.cruisecontrol.sampleproject.connectfour.PlayingStandTest" name="testDownwardDiagonalWins" time="0.001">
    <failure type="junit.framework.AssertionFailedError">junit.framework.AssertionFailedError
	at net.sourceforge.cruisecontrol.sampleproject.connectfour.PlayingStandTest.testDownwardDiagonalWins(Unknown Source)
</failure>
  </testcase>
  <testcase classname="net.sourceforge.cruisecontrol.sampleproject.connectfour.PlayingStandTest" name="testWinningPlacement" time="0.001">
    <error type="net.sourceforge.cruisecontrol.sampleproject.connectfour.GameNotOverException">net.sourceforge.cruisecontrol.sampleproject.connectfour.GameNotOverException
	at net.sourceforge.cruisecontrol.sampleproject.connectfour.PlayingStand.getWinningPlacement(Unknown Source)
	at net.sourceforge.cruisecontrol.sampleproject.connectfour.PlayingStandTest.testWinningPlacement(Unknown Source)
</error>
  </testcase>
  <testcase classname="net.sourceforge.cruisecontrol.sampleproject.connectfour.PlayingStandTest" name="testFullColumn" time="0.0" />
  <testcase classname="net.sourceforge.cruisecontrol.sampleproject.connectfour.PlayingStandTest" name="testNoWinner" time="0.0" />
  <system-out><![CDATA[]]></system-out>
  <system-err><![CDATA[]]></system-err>
</testsuite>
